<!DOCTYPE html PUBLIC "-//W3C//DTD XHTML 1.1//EN" "https://www.w3.org/TR/xhtml11/DTD/xhtml11.dtd">
<html xmlns="https://www.w3.org/1999/xhtml">
<head>
<meta http-equiv="content-type" content="text/html; charset=UTF-8"/>
<title>TestNG Report</title>
<style type="text/css">table {margin-bottom:10px;border-collapse:collapse;empty-cells:show}th,td {border:1px solid #009;padding:.25em .5em}th {vertical-align:bottom}td {vertical-align:top}table a {font-weight:bold}.stripe td {background-color: #E6EBF9}.num {text-align:right}.passedodd td {background-color: #3F3}.passedeven td {background-color: #0A0}.skippedodd td {background-color: #DDD}.skippedeven td {background-color: #CCC}.failedodd td,.attn {background-color: #F33}.failedeven td,.stripe .attn {background-color: #D00}.stacktrace {white-space:pre;font-family:monospace}.totop {font-size:85%;text-align:center;border-bottom:2px solid #000}.invisible {display:none}</style>
</head>
<body>
<table>
<tr><th>Test</th><th># Passed</th><th># Skipped</th><th># Retried</th><th># Failed</th><th>Time (ms)</th><th>Included Groups</th><th>Excluded Groups</th></tr>
<tr><th colspan="8">Suite</th></tr>
<tr><td><a href="#t0">test1</a></td><td class="num">2</td><td class="num">0</td><td class="num">0</td><td class="num">0</td><td class="num">56,995</td><td></td><td></td></tr>
<tr class="stripe"><td><a href="#t1">test2</a></td><td class="num">2</td><td class="num">0</td><td class="num">0</td><td class="num">0</td><td class="num">18,525</td><td></td><td></td></tr>
<tr><td><a href="#t2">test3</a></td><td class="num">1</td><td class="num">0</td><td class="num">0</td><td class="num attn">1</td><td class="num">66,780</td><td></td><td></td></tr>
<tr class="stripe"><td><a href="#t3">test4</a></td><td class="num">3</td><td class="num">0</td><td class="num">0</td><td class="num">0</td><td class="num">39,097</td><td></td><td></td></tr>
<tr><th>Total</th><th class="num">8</th><th class="num">0</th><th class="num">0</th><th class="num attn">1</th><th class="num">181,397</th><th colspan="2"></th></tr>
</table>
<table id='summary'><thead><tr><th>Class</th><th>Method</th><th>Start</th><th>Time (ms)</th></tr></thead><tbody><tr><th colspan="4">Suite</th></tr></tbody><tbody id="t0"><tr><th colspan="4">test1 &#8212; passed</th></tr><tr class="passedeven"><td rowspan="1">tests.Logintest</td><td><a href="#m0">loginform</a></td><td rowspan="1">1728209654305</td><td rowspan="1">1605</td></tr><tr class="passedodd"><td rowspan="1">tests.Signuptest</td><td><a href="#m1">signupform</a></td><td rowspan="1">1728209603402</td><td rowspan="1">47615</td></tr></tbody>
<tbody id="t1"><tr><th colspan="4">test2 &#8212; passed</th></tr><tr class="passedeven"><td rowspan="1">tests.desktoptest</td><td><a href="#m2">desktopproduct</a></td><td rowspan="1">1728209659102</td><td rowspan="1">5254</td></tr><tr class="passedodd"><td rowspan="1">tests.laptoptests</td><td><a href="#m3">laptopproducts</a></td><td rowspan="1">1728209667399</td><td rowspan="1">7249</td></tr></tbody>
<tbody id="t2"><tr><th colspan="4">test3 &#8212; failed</th></tr><tr class="failedeven"><td rowspan="1">tests.componentstest</td><td><a href="#m4">components</a></td><td rowspan="1">1728209677690</td><td rowspan="1">59198</td></tr><tr><th colspan="4">test3 &#8212; passed</th></tr><tr class="passedeven"><td rowspan="1">tests.tabletest</td><td><a href="#m5">tablet</a></td><td rowspan="1">1728209739988</td><td rowspan="1">1499</td></tr></tbody>
<tbody id="t3"><tr><th colspan="4">test4 &#8212; passed</th></tr><tr class="passedeven"><td rowspan="1">tests.cameratest</td><td><a href="#m6">cameracompare</a></td><td rowspan="1">1728209756673</td><td rowspan="1">23893</td></tr><tr class="passedodd"><td rowspan="1">tests.phonetests</td><td><a href="#m7">phonetesting</a></td><td rowspan="1">1728209748351</td><td rowspan="1">5195</td></tr><tr class="passedeven"><td rowspan="1">tests.softwaretest</td><td><a href="#m8">softwaretesting</a></td><td rowspan="1">1728209744320</td><td rowspan="1">1000</td></tr></tbody>
</table>
<h2>test1</h2><h3 id="m0">tests.Logintest#loginform</h3><table class="result"><tr class="param"><th>Parameter #1</th><th>Parameter #2</th></tr><tr class="param stripe"><td>Vickywaran345@gmail.com</td><td>Vicky@12345</td></tr></table><p class="totop"><a href="#summary">back to summary</a></p>
<h3 id="m1">tests.Signuptest#signupform</h3><table class="result"><tr class="param"><th>Parameter #1</th><th>Parameter #2</th><th>Parameter #3</th><th>Parameter #4</th><th>Parameter #5</th><th>Parameter #6</th></tr><tr class="param stripe"><td>Vignesh</td><td>Waran</td><td>Vickywaran345@gmail.com</td><td>6.754321078E9</td><td>Vicky@12345</td><td>Vicky@12345</td></tr></table><p class="totop"><a href="#summary">back to summary</a></p>
<h2>test2</h2><h3 id="m2">tests.desktoptest#desktopproduct</h3><table class="result"><tr><th class="invisible"/></tr></table><p class="totop"><a href="#summary">back to summary</a></p>
<h3 id="m3">tests.laptoptests#laptopproducts</h3><table class="result"><tr><th class="invisible"/></tr></table><p class="totop"><a href="#summary">back to summary</a></p>
<h2>test3</h2><h3 id="m4">tests.componentstest#components</h3><table class="result"><tr><th>Exception</th></tr><tr><td><div class="stacktrace">org.openqa.selenium.TimeoutException: Expected condition failed: waiting for visibility of Proxy element for: DefaultElementLocator &apos;By.xpath: //div[@class=&apos;alert alert-success alert-dismissible&apos;]&apos; (tried for 45 second(s) with 500 milliseconds interval)
	at org.openqa.selenium.support.ui.WebDriverWait.timeoutException(WebDriverWait.java:84)
	at org.openqa.selenium.support.ui.FluentWait.until(FluentWait.java:228)
	at utils.utility.datacheckingonlyvisible(utility.java:94)
	at pages.componentspage.apple(componentspage.java:147)
	at tests.componentstest.components(componentstest.java:16)
	at java.base/java.util.ArrayList.forEach(ArrayList.java:1597)
Caused by: org.openqa.selenium.NoSuchElementException: no such element: Unable to locate element: {&quot;method&quot;:&quot;xpath&quot;,&quot;selector&quot;:&quot;//div[@class=&apos;alert alert-success alert-dismissible&apos;]&quot;}
  (Session info: chrome=129.0.6668.90)
For documentation on this error, please visit: https://www.selenium.dev/documentation/webdriver/troubleshooting/errors#no-such-element-exception
Build info: version: &apos;4.18.1&apos;, revision: &apos;b1d3319b48&apos;
System info: os.name: &apos;Windows 11&apos;, os.arch: &apos;amd64&apos;, os.version: &apos;10.0&apos;, java.version: &apos;22.0.1&apos;
Driver info: org.openqa.selenium.chrome.ChromeDriver
Command: [c94b3e0a99b5ba64c39372a027c53c66, findElement {using=xpath, value=//div[@class=&apos;alert alert-success alert-dismissible&apos;]}]
Capabilities {acceptInsecureCerts: false, browserName: chrome, browserVersion: 129.0.6668.90, chrome: {chromedriverVersion: 129.0.6668.89 (951c0b97221f..., userDataDir: C:\Users\harin\AppData\Loca...}, fedcm:accounts: true, goog:chromeOptions: {debuggerAddress: localhost:63483}, networkConnectionEnabled: false, pageLoadStrategy: normal, platformName: windows, proxy: Proxy(), se:cdp: ws://localhost:63483/devtoo..., se:cdpVersion: 129.0.6668.90, setWindowRect: true, strictFileInteractability: false, timeouts: {implicit: 0, pageLoad: 300000, script: 30000}, unhandledPromptBehavior: dismiss and notify, webauthn:extension:credBlob: true, webauthn:extension:largeBlob: true, webauthn:extension:minPinLength: true, webauthn:extension:prf: true, webauthn:virtualAuthenticators: true}
Session ID: c94b3e0a99b5ba64c39372a027c53c66
	at org.openqa.selenium.remote.ErrorCodec.decode(ErrorCodec.java:167)
	at org.openqa.selenium.remote.codec.w3c.W3CHttpResponseCodec.decode(W3CHttpResponseCodec.java:138)
	at org.openqa.selenium.remote.codec.w3c.W3CHttpResponseCodec.decode(W3CHttpResponseCodec.java:50)
	at org.openqa.selenium.remote.HttpCommandExecutor.execute(HttpCommandExecutor.java:190)
	at org.openqa.selenium.remote.service.DriverCommandExecutor.invokeExecute(DriverCommandExecutor.java:216)
	at org.openqa.selenium.remote.service.DriverCommandExecutor.execute(DriverCommandExecutor.java:174)
	at org.openqa.selenium.remote.RemoteWebDriver.execute(RemoteWebDriver.java:519)
	at org.openqa.selenium.remote.ElementLocation$ElementFinder$2.findElement(ElementLocation.java:165)
	at org.openqa.selenium.remote.ElementLocation.findElement(ElementLocation.java:59)
	at org.openqa.selenium.remote.RemoteWebDriver.findElement(RemoteWebDriver.java:356)
	at org.openqa.selenium.remote.RemoteWebDriver.findElement(RemoteWebDriver.java:350)
	at org.openqa.selenium.support.pagefactory.DefaultElementLocator.findElement(DefaultElementLocator.java:68)
	at org.openqa.selenium.support.pagefactory.internal.LocatingElementHandler.invoke(LocatingElementHandler.java:38)
	at jdk.proxy2/jdk.proxy2.$Proxy17.isDisplayed(Unknown Source)
	at org.openqa.selenium.support.ui.ExpectedConditions.elementIfVisible(ExpectedConditions.java:304)
	at org.openqa.selenium.support.ui.ExpectedConditions$10.apply(ExpectedConditions.java:290)
	at org.openqa.selenium.support.ui.ExpectedConditions$10.apply(ExpectedConditions.java:287)
	at org.openqa.selenium.support.ui.FluentWait.until(FluentWait.java:203)
	... 33 more
... Removed 32 stack frames</div></td></tr></table><p class="totop"><a href="#summary">back to summary</a></p>
<h3 id="m5">tests.tabletest#tablet</h3><table class="result"><tr><th class="invisible"/></tr></table><p class="totop"><a href="#summary">back to summary</a></p>
<h2>test4</h2><h3 id="m6">tests.cameratest#cameracompare</h3><table class="result"><tr><th class="invisible"/></tr></table><p class="totop"><a href="#summary">back to summary</a></p>
<h3 id="m7">tests.phonetests#phonetesting</h3><table class="result"><tr><th class="invisible"/></tr></table><p class="totop"><a href="#summary">back to summary</a></p>
<h3 id="m8">tests.softwaretest#softwaretesting</h3><table class="result"><tr><th class="invisible"/></tr></table><p class="totop"><a href="#summary">back to summary</a></p>
</body>
</html>
