<?xml version="1.0" encoding="UTF-8"?>
<testng-results ignored="0" total="9" passed="8" failed="1" skipped="0">
  <reporter-output>
  </reporter-output>
  <suite started-at="2024-10-06T15:43:19 IST" name="Suite" finished-at="2024-10-06T15:46:20 IST" duration-ms="181672">
    <groups>
    </groups>
    <test started-at="2024-10-06T15:43:19 IST" name="test1" finished-at="2024-10-06T15:44:16 IST" duration-ms="56995">
      <class name="tests.Logintest">
        <test-method is-config="true" signature="loginbefore()[pri:0, instance:tests.Logintest@71812481]" started-at="2024-10-06T15:43:19 IST" name="loginbefore" finished-at="2024-10-06T15:43:19 IST" duration-ms="7" status="PASS">
          <reporter-output>
          </reporter-output>
        </test-method> <!-- loginbefore -->
        <test-method is-config="true" signature="beforemethodstart(java.lang.String,java.lang.String)[pri:0, instance:tests.Logintest@71812481]" started-at="2024-10-06T15:44:11 IST" name="beforemethodstart" finished-at="2024-10-06T15:44:14 IST" duration-ms="2778" status="PASS">
          <params>
            <param index="0">
              <value>
                <![CDATA[chrome]]>
              </value>
            </param>
            <param index="1">
              <value>
                <![CDATA[https://tutorialsninja.com/demo/]]>
              </value>
            </param>
          </params>
          <reporter-output>
          </reporter-output>
        </test-method> <!-- beforemethodstart -->
        <test-method signature="loginform(java.lang.String,java.lang.String)[pri:2, instance:tests.Logintest@71812481]" started-at="2024-10-06T15:44:14 IST" name="loginform" description="Login functionality is done here" data-provider="retrievedatafromexcel" finished-at="2024-10-06T15:44:15 IST" duration-ms="1605" status="PASS">
          <params>
            <param index="0">
              <value>
                <![CDATA[Vickywaran345@gmail.com]]>
              </value>
            </param>
            <param index="1">
              <value>
                <![CDATA[Vicky@12345]]>
              </value>
            </param>
          </params>
          <reporter-output>
          </reporter-output>
        </test-method> <!-- loginform -->
        <test-method is-config="true" signature="aftermethodcomplete()[pri:0, instance:tests.Logintest@71812481]" started-at="2024-10-06T15:44:16 IST" name="aftermethodcomplete" finished-at="2024-10-06T15:44:16 IST" duration-ms="157" status="PASS">
          <reporter-output>
          </reporter-output>
        </test-method> <!-- aftermethodcomplete -->
      </class> <!-- tests.Logintest -->
      <class name="tests.Signuptest">
        <test-method is-config="true" signature="beforesign()[pri:0, instance:tests.Signuptest@6c0d9d86]" started-at="2024-10-06T15:43:19 IST" name="beforesign" finished-at="2024-10-06T15:43:19 IST" duration-ms="0" status="PASS">
          <reporter-output>
          </reporter-output>
        </test-method> <!-- beforesign -->
        <test-method is-config="true" signature="beforemethodstart(java.lang.String,java.lang.String)[pri:0, instance:tests.Signuptest@6c0d9d86]" started-at="2024-10-06T15:43:20 IST" name="beforemethodstart" finished-at="2024-10-06T15:43:23 IST" duration-ms="3271" status="PASS">
          <params>
            <param index="0">
              <value>
                <![CDATA[chrome]]>
              </value>
            </param>
            <param index="1">
              <value>
                <![CDATA[https://tutorialsninja.com/demo/]]>
              </value>
            </param>
          </params>
          <reporter-output>
          </reporter-output>
        </test-method> <!-- beforemethodstart -->
        <test-method signature="signupform(java.lang.String,java.lang.String,java.lang.String,java.lang.String,java.lang.String,java.lang.String)[pri:1, instance:tests.Signuptest@6c0d9d86]" started-at="2024-10-06T15:43:23 IST" name="signupform" description="Signup functionality is done" data-provider="retrievedatafromexcel" finished-at="2024-10-06T15:44:11 IST" duration-ms="47615" status="PASS">
          <params>
            <param index="0">
              <value>
                <![CDATA[Vignesh]]>
              </value>
            </param>
            <param index="1">
              <value>
                <![CDATA[Waran]]>
              </value>
            </param>
            <param index="2">
              <value>
                <![CDATA[Vickywaran345@gmail.com]]>
              </value>
            </param>
            <param index="3">
              <value>
                <![CDATA[6.754321078E9]]>
              </value>
            </param>
            <param index="4">
              <value>
                <![CDATA[Vicky@12345]]>
              </value>
            </param>
            <param index="5">
              <value>
                <![CDATA[Vicky@12345]]>
              </value>
            </param>
          </params>
          <reporter-output>
          </reporter-output>
        </test-method> <!-- signupform -->
        <test-method is-config="true" signature="aftermethodcomplete()[pri:0, instance:tests.Signuptest@6c0d9d86]" started-at="2024-10-06T15:44:11 IST" name="aftermethodcomplete" finished-at="2024-10-06T15:44:11 IST" duration-ms="237" status="PASS">
          <reporter-output>
          </reporter-output>
        </test-method> <!-- aftermethodcomplete -->
      </class> <!-- tests.Signuptest -->
    </test> <!-- test1 -->
    <test started-at="2024-10-06T15:44:16 IST" name="test2" finished-at="2024-10-06T15:44:34 IST" duration-ms="18525">
      <class name="tests.laptoptests">
        <test-method is-config="true" signature="beforemethodstart(java.lang.String,java.lang.String)[pri:0, instance:tests.laptoptests@38831718]" started-at="2024-10-06T15:44:24 IST" name="beforemethodstart" finished-at="2024-10-06T15:44:27 IST" duration-ms="2752" status="PASS">
          <params>
            <param index="0">
              <value>
                <![CDATA[chrome]]>
              </value>
            </param>
            <param index="1">
              <value>
                <![CDATA[https://tutorialsninja.com/demo/]]>
              </value>
            </param>
          </params>
          <reporter-output>
          </reporter-output>
        </test-method> <!-- beforemethodstart -->
        <test-method signature="laptopproducts()[pri:4, instance:tests.laptoptests@38831718]" started-at="2024-10-06T15:44:27 IST" name="laptopproducts" description="Adding laptop to cart and checkout done" finished-at="2024-10-06T15:44:34 IST" duration-ms="7249" status="PASS">
          <reporter-output>
          </reporter-output>
        </test-method> <!-- laptopproducts -->
        <test-method is-config="true" signature="aftermethodcomplete()[pri:0, instance:tests.laptoptests@38831718]" started-at="2024-10-06T15:44:34 IST" name="aftermethodcomplete" finished-at="2024-10-06T15:44:34 IST" duration-ms="159" status="PASS">
          <reporter-output>
          </reporter-output>
        </test-method> <!-- aftermethodcomplete -->
      </class> <!-- tests.laptoptests -->
      <class name="tests.desktoptest">
        <test-method is-config="true" signature="beforemethodstart(java.lang.String,java.lang.String)[pri:0, instance:tests.desktoptest@149dd36b]" started-at="2024-10-06T15:44:16 IST" name="beforemethodstart" finished-at="2024-10-06T15:44:19 IST" duration-ms="2680" status="PASS">
          <params>
            <param index="0">
              <value>
                <![CDATA[chrome]]>
              </value>
            </param>
            <param index="1">
              <value>
                <![CDATA[https://tutorialsninja.com/demo/]]>
              </value>
            </param>
          </params>
          <reporter-output>
          </reporter-output>
        </test-method> <!-- beforemethodstart -->
        <test-method signature="desktopproduct()[pri:3, instance:tests.desktoptest@149dd36b]" started-at="2024-10-06T15:44:19 IST" name="desktopproduct" description="Adding desktop to cart and checkout done" finished-at="2024-10-06T15:44:24 IST" duration-ms="5254" status="PASS">
          <reporter-output>
          </reporter-output>
        </test-method> <!-- desktopproduct -->
        <test-method is-config="true" signature="aftermethodcomplete()[pri:0, instance:tests.desktoptest@149dd36b]" started-at="2024-10-06T15:44:24 IST" name="aftermethodcomplete" finished-at="2024-10-06T15:44:24 IST" duration-ms="175" status="PASS">
          <reporter-output>
          </reporter-output>
        </test-method> <!-- aftermethodcomplete -->
      </class> <!-- tests.desktoptest -->
    </test> <!-- test2 -->
    <test started-at="2024-10-06T15:44:34 IST" name="test3" finished-at="2024-10-06T15:45:41 IST" duration-ms="66780">
      <class name="tests.componentstest">
        <test-method is-config="true" signature="beforemethodstart(java.lang.String,java.lang.String)[pri:0, instance:tests.componentstest@e19bb76]" started-at="2024-10-06T15:44:34 IST" name="beforemethodstart" finished-at="2024-10-06T15:44:37 IST" duration-ms="2728" status="PASS">
          <params>
            <param index="0">
              <value>
                <![CDATA[chrome]]>
              </value>
            </param>
            <param index="1">
              <value>
                <![CDATA[https://tutorialsninja.com/demo/]]>
              </value>
            </param>
          </params>
          <reporter-output>
          </reporter-output>
        </test-method> <!-- beforemethodstart -->
        <test-method signature="components()[pri:5, instance:tests.componentstest@e19bb76]" started-at="2024-10-06T15:44:37 IST" name="components" description="Adding monitor to cart and checkout is done" finished-at="2024-10-06T15:45:36 IST" duration-ms="59198" status="FAIL">
          <exception class="org.openqa.selenium.TimeoutException">
            <message>
              <![CDATA[Expected condition failed: waiting for visibility of Proxy element for: DefaultElementLocator 'By.xpath: //div[@class='alert alert-success alert-dismissible']' (tried for 45 second(s) with 500 milliseconds interval)]]>
            </message>
            <full-stacktrace>
              <![CDATA[org.openqa.selenium.TimeoutException: Expected condition failed: waiting for visibility of Proxy element for: DefaultElementLocator 'By.xpath: //div[@class='alert alert-success alert-dismissible']' (tried for 45 second(s) with 500 milliseconds interval)
at org.openqa.selenium.support.ui.WebDriverWait.timeoutException(WebDriverWait.java:84)
at org.openqa.selenium.support.ui.FluentWait.until(FluentWait.java:228)
at utils.utility.datacheckingonlyvisible(utility.java:94)
at pages.componentspage.apple(componentspage.java:147)
at tests.componentstest.components(componentstest.java:16)
at java.base/jdk.internal.reflect.DirectMethodHandleAccessor.invoke(DirectMethodHandleAccessor.java:103)
at java.base/java.lang.reflect.Method.invoke(Method.java:580)
at org.testng.internal.invokers.MethodInvocationHelper.invokeMethod(MethodInvocationHelper.java:141)
at org.testng.internal.invokers.TestInvoker.invokeMethod(TestInvoker.java:686)
at org.testng.internal.invokers.TestInvoker.invokeTestMethod(TestInvoker.java:230)
at org.testng.internal.invokers.MethodRunner.runInSequence(MethodRunner.java:63)
at org.testng.internal.invokers.TestInvoker$MethodInvocationAgent.invoke(TestInvoker.java:992)
at org.testng.internal.invokers.TestInvoker.invokeTestMethods(TestInvoker.java:203)
at org.testng.internal.invokers.TestMethodWorker.invokeTestMethods(TestMethodWorker.java:154)
at org.testng.internal.invokers.TestMethodWorker.run(TestMethodWorker.java:134)
at java.base/java.util.ArrayList.forEach(ArrayList.java:1597)
at org.testng.TestRunner.privateRun(TestRunner.java:739)
at org.testng.TestRunner.run(TestRunner.java:614)
at org.testng.SuiteRunner.runTest(SuiteRunner.java:421)
at org.testng.SuiteRunner.runSequentially(SuiteRunner.java:413)
at org.testng.SuiteRunner.privateRun(SuiteRunner.java:373)
at org.testng.SuiteRunner.run(SuiteRunner.java:312)
at org.testng.SuiteRunnerWorker.runSuite(SuiteRunnerWorker.java:52)
at org.testng.SuiteRunnerWorker.run(SuiteRunnerWorker.java:95)
at org.testng.TestNG.runSuitesSequentially(TestNG.java:1274)
at org.testng.TestNG.runSuitesLocally(TestNG.java:1208)
at org.testng.TestNG.runSuites(TestNG.java:1112)
at org.testng.TestNG.run(TestNG.java:1079)
at org.apache.maven.surefire.testng.TestNGExecutor.run(TestNGExecutor.java:284)
at org.apache.maven.surefire.testng.TestNGXmlTestSuite.execute(TestNGXmlTestSuite.java:75)
at org.apache.maven.surefire.testng.TestNGProvider.invoke(TestNGProvider.java:119)
at org.apache.maven.surefire.booter.ForkedBooter.runSuitesInProcess(ForkedBooter.java:428)
at org.apache.maven.surefire.booter.ForkedBooter.execute(ForkedBooter.java:162)
at org.apache.maven.surefire.booter.ForkedBooter.run(ForkedBooter.java:562)
at org.apache.maven.surefire.booter.ForkedBooter.main(ForkedBooter.java:548)
Caused by: org.openqa.selenium.NoSuchElementException: no such element: Unable to locate element: {"method":"xpath","selector":"//div[@class='alert alert-success alert-dismissible']"}
  (Session info: chrome=129.0.6668.90)
For documentation on this error, please visit: https://www.selenium.dev/documentation/webdriver/troubleshooting/errors#no-such-element-exception
Build info: version: '4.18.1', revision: 'b1d3319b48'
System info: os.name: 'Windows 11', os.arch: 'amd64', os.version: '10.0', java.version: '22.0.1'
Driver info: org.openqa.selenium.chrome.ChromeDriver
Command: [c94b3e0a99b5ba64c39372a027c53c66, findElement {using=xpath, value=//div[@class='alert alert-success alert-dismissible']}]
Capabilities {acceptInsecureCerts: false, browserName: chrome, browserVersion: 129.0.6668.90, chrome: {chromedriverVersion: 129.0.6668.89 (951c0b97221f..., userDataDir: C:\Users\harin\AppData\Loca...}, fedcm:accounts: true, goog:chromeOptions: {debuggerAddress: localhost:63483}, networkConnectionEnabled: false, pageLoadStrategy: normal, platformName: windows, proxy: Proxy(), se:cdp: ws://localhost:63483/devtoo..., se:cdpVersion: 129.0.6668.90, setWindowRect: true, strictFileInteractability: false, timeouts: {implicit: 0, pageLoad: 300000, script: 30000}, unhandledPromptBehavior: dismiss and notify, webauthn:extension:credBlob: true, webauthn:extension:largeBlob: true, webauthn:extension:minPinLength: true, webauthn:extension:prf: true, webauthn:virtualAuthenticators: true}
Session ID: c94b3e0a99b5ba64c39372a027c53c66
at java.base/jdk.internal.reflect.DirectConstructorHandleAccessor.newInstance(DirectConstructorHandleAccessor.java:62)
at java.base/java.lang.reflect.Constructor.newInstanceWithCaller(Constructor.java:502)
at java.base/java.lang.reflect.Constructor.newInstance(Constructor.java:486)
at org.openqa.selenium.remote.ErrorCodec.decode(ErrorCodec.java:167)
at org.openqa.selenium.remote.codec.w3c.W3CHttpResponseCodec.decode(W3CHttpResponseCodec.java:138)
at org.openqa.selenium.remote.codec.w3c.W3CHttpResponseCodec.decode(W3CHttpResponseCodec.java:50)
at org.openqa.selenium.remote.HttpCommandExecutor.execute(HttpCommandExecutor.java:190)
at org.openqa.selenium.remote.service.DriverCommandExecutor.invokeExecute(DriverCommandExecutor.java:216)
at org.openqa.selenium.remote.service.DriverCommandExecutor.execute(DriverCommandExecutor.java:174)
at org.openqa.selenium.remote.RemoteWebDriver.execute(RemoteWebDriver.java:519)
at org.openqa.selenium.remote.ElementLocation$ElementFinder$2.findElement(ElementLocation.java:165)
at org.openqa.selenium.remote.ElementLocation.findElement(ElementLocation.java:59)
at org.openqa.selenium.remote.RemoteWebDriver.findElement(RemoteWebDriver.java:356)
at org.openqa.selenium.remote.RemoteWebDriver.findElement(RemoteWebDriver.java:350)
at org.openqa.selenium.support.pagefactory.DefaultElementLocator.findElement(DefaultElementLocator.java:68)
at org.openqa.selenium.support.pagefactory.internal.LocatingElementHandler.invoke(LocatingElementHandler.java:38)
at jdk.proxy2/jdk.proxy2.$Proxy17.isDisplayed(Unknown Source)
at org.openqa.selenium.support.ui.ExpectedConditions.elementIfVisible(ExpectedConditions.java:304)
at org.openqa.selenium.support.ui.ExpectedConditions$10.apply(ExpectedConditions.java:290)
at org.openqa.selenium.support.ui.ExpectedConditions$10.apply(ExpectedConditions.java:287)
at org.openqa.selenium.support.ui.FluentWait.until(FluentWait.java:203)
... 33 more
]]>
            </full-stacktrace>
          </exception> <!-- org.openqa.selenium.TimeoutException -->
          <reporter-output>
          </reporter-output>
        </test-method> <!-- components -->
        <test-method is-config="true" signature="aftermethodcomplete()[pri:0, instance:tests.componentstest@e19bb76]" started-at="2024-10-06T15:45:37 IST" name="aftermethodcomplete" finished-at="2024-10-06T15:45:37 IST" duration-ms="176" status="PASS">
          <reporter-output>
          </reporter-output>
        </test-method> <!-- aftermethodcomplete -->
      </class> <!-- tests.componentstest -->
      <class name="tests.tabletest">
        <test-method is-config="true" signature="beforemethodstart(java.lang.String,java.lang.String)[pri:0, instance:tests.tabletest@512535ff]" started-at="2024-10-06T15:45:37 IST" name="beforemethodstart" finished-at="2024-10-06T15:45:39 IST" duration-ms="2771" status="PASS">
          <params>
            <param index="0">
              <value>
                <![CDATA[chrome]]>
              </value>
            </param>
            <param index="1">
              <value>
                <![CDATA[https://tutorialsninja.com/demo/]]>
              </value>
            </param>
          </params>
          <reporter-output>
          </reporter-output>
        </test-method> <!-- beforemethodstart -->
        <test-method signature="tablet()[pri:6, instance:tests.tabletest@512535ff]" started-at="2024-10-06T15:45:39 IST" name="tablet" description="tablet product checking" finished-at="2024-10-06T15:45:41 IST" duration-ms="1499" status="PASS">
          <reporter-output>
          </reporter-output>
        </test-method> <!-- tablet -->
        <test-method is-config="true" signature="aftermethodcomplete()[pri:0, instance:tests.tabletest@512535ff]" started-at="2024-10-06T15:45:41 IST" name="aftermethodcomplete" finished-at="2024-10-06T15:45:41 IST" duration-ms="134" status="PASS">
          <reporter-output>
          </reporter-output>
        </test-method> <!-- aftermethodcomplete -->
      </class> <!-- tests.tabletest -->
    </test> <!-- test3 -->
    <test started-at="2024-10-06T15:45:41 IST" name="test4" finished-at="2024-10-06T15:46:20 IST" duration-ms="39097">
      <class name="tests.softwaretest">
        <test-method is-config="true" signature="beforemethodstart(java.lang.String,java.lang.String)[pri:0, instance:tests.softwaretest@77258e59]" started-at="2024-10-06T15:45:41 IST" name="beforemethodstart" finished-at="2024-10-06T15:45:44 IST" duration-ms="2531" status="PASS">
          <params>
            <param index="0">
              <value>
                <![CDATA[chrome]]>
              </value>
            </param>
            <param index="1">
              <value>
                <![CDATA[https://tutorialsninja.com/demo/]]>
              </value>
            </param>
          </params>
          <reporter-output>
          </reporter-output>
        </test-method> <!-- beforemethodstart -->
        <test-method signature="softwaretesting()[pri:7, instance:tests.softwaretest@77258e59]" started-at="2024-10-06T15:45:44 IST" name="softwaretesting" description="Components checking" finished-at="2024-10-06T15:45:45 IST" duration-ms="1000" status="PASS">
          <reporter-output>
          </reporter-output>
        </test-method> <!-- softwaretesting -->
        <test-method is-config="true" signature="aftermethodcomplete()[pri:0, instance:tests.softwaretest@77258e59]" started-at="2024-10-06T15:45:45 IST" name="aftermethodcomplete" finished-at="2024-10-06T15:45:45 IST" duration-ms="168" status="PASS">
          <reporter-output>
          </reporter-output>
        </test-method> <!-- aftermethodcomplete -->
      </class> <!-- tests.softwaretest -->
      <class name="tests.phonetests">
        <test-method is-config="true" signature="beforemethodstart(java.lang.String,java.lang.String)[pri:0, instance:tests.phonetests@5dcd8c7a]" started-at="2024-10-06T15:45:45 IST" name="beforemethodstart" finished-at="2024-10-06T15:45:48 IST" duration-ms="2695" status="PASS">
          <params>
            <param index="0">
              <value>
                <![CDATA[chrome]]>
              </value>
            </param>
            <param index="1">
              <value>
                <![CDATA[https://tutorialsninja.com/demo/]]>
              </value>
            </param>
          </params>
          <reporter-output>
          </reporter-output>
        </test-method> <!-- beforemethodstart -->
        <test-method signature="phonetesting()[pri:8, instance:tests.phonetests@5dcd8c7a]" started-at="2024-10-06T15:45:48 IST" name="phonetesting" description="Added phone to cart and checkout done" finished-at="2024-10-06T15:45:53 IST" duration-ms="5195" status="PASS">
          <reporter-output>
          </reporter-output>
        </test-method> <!-- phonetesting -->
        <test-method is-config="true" signature="aftermethodcomplete()[pri:0, instance:tests.phonetests@5dcd8c7a]" started-at="2024-10-06T15:45:53 IST" name="aftermethodcomplete" finished-at="2024-10-06T15:45:53 IST" duration-ms="145" status="PASS">
          <reporter-output>
          </reporter-output>
        </test-method> <!-- aftermethodcomplete -->
      </class> <!-- tests.phonetests -->
      <class name="tests.cameratest">
        <test-method is-config="true" signature="beforemethodstart(java.lang.String,java.lang.String)[pri:0, instance:tests.cameratest@2250b9f2]" started-at="2024-10-06T15:45:53 IST" name="beforemethodstart" finished-at="2024-10-06T15:45:56 IST" duration-ms="2866" status="PASS">
          <params>
            <param index="0">
              <value>
                <![CDATA[chrome]]>
              </value>
            </param>
            <param index="1">
              <value>
                <![CDATA[https://tutorialsninja.com/demo/]]>
              </value>
            </param>
          </params>
          <reporter-output>
          </reporter-output>
        </test-method> <!-- beforemethodstart -->
        <test-method signature="cameracompare()[pri:9, instance:tests.cameratest@2250b9f2]" started-at="2024-10-06T15:45:56 IST" name="cameracompare" description="Comparing two cameras specification and removing them" finished-at="2024-10-06T15:46:20 IST" duration-ms="23893" status="PASS">
          <reporter-output>
          </reporter-output>
        </test-method> <!-- cameracompare -->
        <test-method is-config="true" signature="aftermethodcomplete()[pri:0, instance:tests.cameratest@2250b9f2]" started-at="2024-10-06T15:46:20 IST" name="aftermethodcomplete" finished-at="2024-10-06T15:46:20 IST" duration-ms="158" status="PASS">
          <reporter-output>
          </reporter-output>
        </test-method> <!-- aftermethodcomplete -->
      </class> <!-- tests.cameratest -->
    </test> <!-- test4 -->
  </suite> <!-- Suite -->
</testng-results>
